[Pass 1 time: 0.052 sec     dicttokz]
[Pass 2 time: 0.001 sec     init]
[Pass 3 time: 0.001 sec     KBFuncs]
[Pass 4 time: 0.001 sec     funcs]
[Pass 5 time: 0.07 sec     LinesDictTokZ]
[Pass 6 time: 0.098 sec     numbers]
[Pass 7 time: 0.081 sec     ordinals]
[Pass 8 time: 0.091 sec     times]
[Pass 9 time: 0.087 sec     zulu]
[Pass 10 time: 0.09 sec     timePhrases]
[Pass 11 time: 0.082 sec     dates]
[Pass 12 time: 0.108 sec     datesDay]
[Pass 13 time: 0.112 sec     dateTime]
[Pass 14 time: 0.09 sec     datePhrases]
[Pass 15 time: 0.074 sec     splice]
[Pass 16 time: 0.091 sec     kb]
[Pass 17 time: 0.351 sec     output]
[Input file: C:\git\nlp-engine-windows\analyzers\date-time\input\text.txt]
[Total passes: 17]
[Total time: 1.484 sec]
[Time per 1000 chars (1.484/824): 1.80097 sec]
[Time per pass per 1000 chars: 0.105939]
infile  passes tottime length tot/1000 tot/pass/1000
C:\git\nlp-engine-windows\analyzers\date-time\input\text.txt	17	1.484	824	1.80097	0.105939
[Clean time: 0.002 sec]
