[Pass 1 time: 0.084 sec     dicttokz]
[Pass 2 time: 0.001 sec     init]
[Pass 3 time: 0.001 sec     KBFuncs]
[Pass 4 time: 0.001 sec     funcs]
[Pass 5 time: 0.079 sec     LinesDictTokZ]
[Pass 6 time: 0.073 sec     numbered]
[Pass 7 time: 0.092 sec     pageNumber]
[Pass 8 time: 0.1 sec     pageTitle]
[Pass 9 time: 0.098 sec     pageHeader]
[Pass 10 time: 0.153 sec     lineAttrs]
[Pass 11 time: 0.089 sec     headers]
[Pass 12 time: 0.09 sec     colonHeaders]
[Pass 13 time: 0.088 sec     prose]
[Pass 14 time: 0.148 sec     stragglers]
[Pass 15 time: 0.093 sec     paragraphBreaks]
[Pass 16 time: 0.113 sec     enumerateBlock]
[Pass 17 time: 0.115 sec     colonBlock]
[Pass 18 time: 0.093 sec     proseBlock]
[Pass 19 time: 0.074 sec     spliceLines]
[Pass 20 time: 0.079 sec     sentenceEnders]
[Pass 21 time: 0.089 sec     sentences]
[Pass 22 time: 0.077 sec     sentEnum]
[Pass 23 time: 0.077 sec     sentColon]
[Pass 24 time: 0.091 sec     enumerate]
[Pass 25 time: 0.094 sec     colon]
[Pass 26 time: 0.059 sec     output]
[Input file: C:\git\nlp-engine-windows\analyzers\formatting\input\text.txt]
[Total passes: 26]
[Total time: 2.156 sec]
[Time per 1000 chars (2.156/2435): 0.885421 sec]
[Time per pass per 1000 chars: 0.0340547]
infile  passes tottime length tot/1000 tot/pass/1000
C:\git\nlp-engine-windows\analyzers\formatting\input\text.txt	26	2.156	2435	0.885421	0.0340547
[Clean time: 0.002 sec]
