[command arg: -ANA]
[command arg: c:\git\nlp-engine-windows\analyzers\formatting\]
[command arg: -WORK]
[command arg: c:\Users\David de Hilster\.vscode\extensions\dehilster.nlp-2.43.7\nlp-engine]
[command arg: c:\git\nlp-engine-windows\analyzers\formatting\input\text.txt]
[command arg: -DEV]
[logfile: c:\Users\David de Hilster\.vscode\extensions\dehilster.nlp-2.43.7\nlp-engine\vtrun_logfile.out]
[rfbdir: c:\Users\David de Hilster\.vscode\extensions\dehilster.nlp-2.43.7\nlp-engine\data\rfb\spec]
[analyzer directory: c:\git\nlp-engine-windows\analyzers\formatting\]
[analyzer name: ]
[rfb file: c:\Users\David de Hilster\.vscode\extensions\dehilster.nlp-2.43.7\nlp-engine\data\rfb\spec]
[log file: .\tmp\visualtext.log]
[spec directory: c:\git\nlp-engine-windows\analyzers\formatting\\spec]
[spec file: c:\git\nlp-engine-windows\analyzers\formatting\\spec\analyzer.seq]
[output directory: c:\git\nlp-engine-windows\analyzers\formatting\\output]
[infile path: c:\git\nlp-engine-windows\analyzers\formatting\input\text.txt]
[outfile path: c:\git\nlp-engine-windows\analyzers\formatting\\outfile.txt]
[Creating output directory: c:\git\nlp-engine-windows\analyzers\formatting\input\text.txt_log]
[outdir path: c:\git\nlp-engine-windows\analyzers\formatting\input\text.txt_log]
[AFTER VTRUN DELETE: ]
Active Algo count=1
