[Pass 1 time: 0.008 sec     dicttokz]
[Pass 2 time: 0.001 sec     init]
[Pass 3 time: 0.001 sec     TreeFuncs]
[Pass 4 time: 0 sec     KBFuncs]
[Pass 5 time: 0.001 sec     funcs]
[Pass 6 time: 0.007 sec     sentenceEnders]
[Pass 7 time: 0.008 sec     sentences]
[Pass 8 time: 0.006 sec     caps]
[Pass 9 time: 0.014 sec     categorizeCaps]
[Pass 10 time: 0.017 sec     findReferences]
[Pass 11 time: 0.009 sec     labelCaps]
[Pass 12 time: 0.012 sec     reduceCaps]
[Pass 13 time: 0.009 sec     conjunctions]
[Pass 14 time: 0.008 sec     conjoin]
[Pass 15 time: 0.006 sec     attributes]
[Pass 16 time: 0.015 sec     personAttributes]
[Pass 17 time: 0.016 sec     output]
[Input file: C:\git\nlp-engine-windows\analyzers\nlp\input\text.txt]
[Total passes: 17]
[Total time: 0.139 sec]
[Time per 1000 chars (0.139/634): 0.219243 sec]
[Time per pass per 1000 chars: 0.0128966]
infile  passes tottime length tot/1000 tot/pass/1000
C:\git\nlp-engine-windows\analyzers\nlp\input\text.txt	17	0.139	634	0.219243	0.0128966
[Clean time: 0.002 sec]
