[Loading interpreted kb.]
[readKB:]
[readKB: path=C:\git\nlp-engine-windows\analyzers\formatting\kb\user]
[path_to_con: Concept not found.]
[name=*xwhite*]
[namech=x]
[path_to_con: Concept not found.]
[name=*constrain*]
[namech=c]
[path_to_con: Concept not found.]
[name=*closed*]
[namech=c]
[path_to_con: Concept not found.]
[name=*lit*]
[namech=l]
[path_to_con: Concept not found.]
[name=*split*]
[namech=s]
[path_to_con: Concept not found.]
[name=*gen*]
[namech=g]
[path_to_con: Concept not found.]
[name=*locked*]
[namech=l]
[path_to_con: Concept not found.]
[name=*dirty*]
[namech=d]
[path_to_con: Concept not found.]
[name=*quicksem*]
[namech=q]
Original KB files 0.003 sec]
